Arguments: 
  C:\Program Files\nodejs\node.exe C:\Users\Sameer\AppData\Roaming\npm\node_modules\yarn\bin\yarn.js add --json @parcel/transformer-html -D -W

PATH: 
  C:\Users\Sameer\Downloads\Forkify\complete-javascript-course\18-forkify\starter\node_modules\.bin;C:\Users\Sameer\Downloads\Forkify\complete-javascript-course\18-forkify\node_modules\.bin;C:\Users\Sameer\Downloads\Forkify\complete-javascript-course\node_modules\.bin;C:\Users\Sameer\Downloads\Forkify\node_modules\.bin;C:\Users\Sameer\Downloads\node_modules\.bin;C:\Users\Sameer\node_modules\.bin;C:\Users\node_modules\.bin;C:\node_modules\.bin;C:\Users\Sameer\AppData\Roaming\npm\node_modules\npm\node_modules\@npmcli\run-script\lib\node-gyp-bin;C:\Python310\Scripts\;C:\Python310\;C:\WINDOWS\system32;C:\WINDOWS;C:\WINDOWS\System32\Wbem;C:\WINDOWS\System32\WindowsPowerShell\v1.0\;C:\WINDOWS\System32\OpenSSH\;C:\Program Files\Git\cmd;C:\Program Files\Git\mingw64\bin;C:\Program Files\Git\usr\bin;C:\Program Files (x86)\ATI Technologies\ATI.ACE\Core-Static;C:\ProgramData\chocolatey\bin;C:\Users\Sameer\AppData\Roaming\nvm;C:\Program Files\nodejs;C:\Program Files\Geth;C:\Users\Sameer\AppData\Local\Microsoft\WindowsApps;C:\Users\Sameer\AppData\Local\Programs\Microsoft VS Code\bin;C:\Users\Sameer\AppData\Local\GitHubDesktop\bin;C:\Users\Sameer\AppData\Roaming\npm;C:\Users\Sameer\AppData\Roaming\nvm;C:\Program Files\nodejs

Yarn version: 
  1.22.17

Node version: 
  14.18.1

Platform: 
  win32 x64

Trace: 
  Error: EPERM: operation not permitted, unlink 'C:\Users\Sameer\Downloads\Forkify\complete-javascript-course\18-forkify\starter\node_modules\@parcel\hash\parcel-hash.win32-x64-msvc.node'

npm manifest: 
  {
    "name": "forkify",
    "version": "1.0.0",
    "description": "Recipe Application",
    "main": "index.js",
    "scripts": {
      "start": "parcel index.html",
      "build": "parcel build index.html"
    },
    "author": "\"Thahsina\"",
    "license": "ISC",
    "devDependencies": {
      "@parcel/transformer-sass": "^2.1.1"
    },
    "dependencies": {
      "parcel": "^2.0.0-beta.1",
      "sass": "^1.26.10"
    }
  }

yarn manifest: 
  No manifest

Lockfile: 
  No lockfile
